<?xml version="1.0" encoding="UTF-8"?>
<!-- Generated by org.testng.reporters.JUnitReportReporter -->
<testsuite hostname="LAPTOP-Q5APRKDQ" failures="0" tests="1" name="mavenpractice.guruloin" time="122.379" errors="0" timestamp="2022-11-18T22:30:58 IST" skipped="0">
  <testcase classname="mavenpractice.guruloin" name="gurulogin" time="122.379"/>
  <system-out/>
</testsuite> <!-- mavenpractice.guruloin -->
